-------------------------------------------------------------------------------
Test set: TestSuite
-------------------------------------------------------------------------------
Tests run: 3, Failures: 1, Errors: 0, Skipped: 0, Time elapsed: 272.373 s <<< FAILURE! - in TestSuite
testRunners.TestRunner.runScenario["Verify Filter Dropdown Functionality", "Test Site Analytics functionality"](1)  Time elapsed: 53.116 s  <<< FAILURE!
java.lang.AssertionError: Dropdown options did not collapse after clicking again.
	at base.PageObjectManager.verifyDropdownClickable(PageObjectManager.java:619)
	at stepDefinitions.Analytics.Analytics_Steps.verifyThatAllTheFiltersAreClickable(Analytics_Steps.java:82)
	at âœ½.Verify that all the filters are clickable(file:///D:/AllGitProject/GitHubActions_JavaCucumber/src/test/java/features/Analytics.feature:16)

