<?xml version="1.0" encoding="UTF-8"?>
<testsuite xmlns:xsi="http://www.w3.org/2001/XMLSchema-instance" xsi:noNamespaceSchemaLocation="https://maven.apache.org/surefire/maven-surefire-plugin/xsd/surefire-test-report-3.0.xsd" version="3.0" name="TestSuite" time="279.815" tests="7" errors="0" skipped="0" failures="0">
  <properties>
[...]
</properties>
  <testcase name="runScenario[&quot;Verify Default Filter&quot;, &quot;Test Site Analytics functionality&quot;](3)" classname="testRunners.TestRunner" time="32.57">
    <system-out><![CDATA[
@Demo
Scenario: Verify Default Filter State                                  # src/test/java/features/Analytics.feature:15

@Demo
Scenario: Verify that user able to login                    # src/test/java/features/Analytics.feature:9
Invalid data format in Excel row.
  When User enter valid username and password in login form # stepDefinitions.Login.LoginSteps.userEnterValidUsernameAndPasswordInLoginForm()
  And Clicks on Log in button                               # stepDefinitions.Login.LoginSteps.clicksOnLogInButton()
  Then Verify that the home page is displayed               # stepDefinitions.Login.LoginSteps.verifyThatTheHomePageIsDisplayed()
  When User enter valid username and password in login form # stepDefinitions.Login.LoginSteps.userEnterValidUsernameAndPasswordInLoginForm()
      org.openqa.selenium.TimeoutException: Expected condition failed: waiting for visibility of element located by By.xpath: (//input[@id='email'])[1] (tried for 10 second(s) with 500 milliseconds interval)
Build info: version: '4.5.0', revision: 'fe167b119a'
System info: os.name: 'Windows 11', os.arch: 'amd64', os.version: '10.0', java.version: '17.0.6'
Driver info: org.openqa.selenium.chrome.ChromeDriver
Capabilities {acceptInsecureCerts: false, browserName: chrome, browserVersion: 130.0.6723.58, chrome: {chromedriverVersion: 130.0.6723.58 (3a50e012e4c9..., userDataDir: C:\Users\RASEL\AppData\Loca...}, fedcm:accounts: true, goog:chromeOptions: {debuggerAddress: localhost:12914}, networkConnectionEnabled: false, pageLoadStrategy: normal, platformName: WINDOWS, proxy: Proxy(), se:cdp: ws://localhost:12914/devtoo..., se:cdpVersion: 130.0.6723.58, setWindowRect: true, strictFileInteractability: false, timeouts: {implicit: 0, pageLoad: 300000, script: 30000}, unhandledPromptBehavior: dismiss and notify, webauthn:extension:credBlob: true, webauthn:extension:largeBlob: true, webauthn:extension:minPinLength: true, webauthn:extension:prf: true, webauthn:virtualAuthenticators: true}
Session ID: 7553e8662b0283a53cad1fcbae5b880c
	at org.openqa.selenium.support.ui.WebDriverWait.timeoutException(WebDriverWait.java:87)
	at org.openqa.selenium.support.ui.FluentWait.until(FluentWait.java:231)
	at base.PageObjectManager.waitUntilElementIsVisible(PageObjectManager.java:30)
	at base.PageObjectManager.sendKeysToElement(PageObjectManager.java:106)
	at stepDefinitions.Login.LoginSteps.userEnterValidUsernameAndPasswordInLoginForm(LoginSteps.java:35)
	at âœ½.User enter valid username and password in login form(file:///D:/AllGitProject/GitHubActions_JavaCucumber/src/test/java/features/Analytics.feature:10)

  And Clicks on Log in button                               # stepDefinitions.Login.LoginSteps.clicksOnLogInButton()
  Then Verify that the home page is displayed               # stepDefinitions.Login.LoginSteps.verifyThatTheHomePageIsDisplayed()

@Demo
Scenario: Verify Default Filter                                        # src/test/java/features/Analytics.feature:20
  When User enter valid username and password in login form            # stepDefinitions.Login.LoginSteps.userEnterValidUsernameAndPasswordInLoginForm()
      org.openqa.selenium.TimeoutException: timeout: Timed out receiving message from renderer: 60.000
  (Session info: chrome=130.0.6723.58)
Build info: version: '4.5.0', revision: 'fe167b119a'
System info: os.name: 'Windows 11', os.arch: 'amd64', os.version: '10.0', java.version: '17.0.6'
Driver info: org.openqa.selenium.chrome.ChromeDriver
Command: [1e0aa372b5718fac38d45971de25a393, findElement {using=xpath, value=(//input[@id='email'])[1]}]
Capabilities {acceptInsecureCerts: false, browserName: chrome, browserVersion: 130.0.6723.58, chrome: {chromedriverVersion: 130.0.6723.58 (3a50e012e4c9..., userDataDir: C:\Users\RASEL\AppData\Loca...}, fedcm:accounts: true, goog:chromeOptions: {debuggerAddress: localhost:12915}, networkConnectionEnabled: false, pageLoadStrategy: normal, platformName: WINDOWS, proxy: Proxy(), se:cdp: ws://localhost:12915/devtoo..., se:cdpVersion: 130.0.6723.58, setWindowRect: true, strictFileInteractability: false, timeouts: {implicit: 0, pageLoad: 300000, script: 30000}, unhandledPromptBehavior: dismiss and notify, webauthn:extension:credBlob: true, webauthn:extension:largeBlob: true, webauthn:extension:minPinLength: true, webauthn:extension:prf: true, webauthn:virtualAuthenticators: true}
Session ID: 1e0aa372b5718fac38d45971de25a393
	at java.base/jdk.internal.reflect.NativeConstructorAccessorImpl.newInstance0(Native Method)
	at java.base/jdk.internal.reflect.NativeConstructorAccessorImpl.newInstance(NativeConstructorAccessorImpl.java:77)
	at java.base/jdk.internal.reflect.DelegatingConstructorAccessorImpl.newInstance(DelegatingConstructorAccessorImpl.java:45)
	at java.base/java.lang.reflect.Constructor.newInstanceWithCaller(Constructor.java:499)
	at java.base/java.lang.reflect.Constructor.newInstance(Constructor.java:480)
	at org.openqa.selenium.remote.codec.w3c.W3CHttpResponseCodec.createException(W3CHttpResponseCodec.java:200)
	at org.openqa.selenium.remote.codec.w3c.W3CHttpResponseCodec.decode(W3CHttpResponseCodec.java:133)
	at org.openqa.selenium.remote.codec.w3c.W3CHttpResponseCodec.decode(W3CHttpResponseCodec.java:53)
	at org.openqa.selenium.remote.HttpCommandExecutor.execute(HttpCommandExecutor.java:184)
	at org.openqa.selenium.remote.service.DriverCommandExecutor.invokeExecute(DriverCommandExecutor.java:167)
	at org.openqa.selenium.remote.service.DriverCommandExecutor.execute(DriverCommandExecutor.java:142)
	at org.openqa.selenium.remote.RemoteWebDriver.execute(RemoteWebDriver.java:547)
	at org.openqa.selenium.remote.ElementLocation$ElementFinder$2.findElement(ElementLocation.java:162)
	at org.openqa.selenium.remote.ElementLocation.findElement(ElementLocation.java:60)
	at org.openqa.selenium.remote.RemoteWebDriver.findElement(RemoteWebDriver.java:365)
	at org.openqa.selenium.remote.RemoteWebDriver.findElement(RemoteWebDriver.java:357)
	at org.openqa.selenium.support.ui.ExpectedConditions$7.apply(ExpectedConditions.java:197)
	at org.openqa.selenium.support.ui.ExpectedConditions$7.apply(ExpectedConditions.java:193)
	at org.openqa.selenium.support.ui.FluentWait.until(FluentWait.java:208)
	at base.PageObjectManager.waitUntilElementIsVisible(PageObjectManager.java:30)
	at base.PageObjectManager.sendKeysToElement(PageObjectManager.java:106)
	at stepDefinitions.Login.LoginSteps.userEnterValidUsernameAndPasswordInLoginForm(LoginSteps.java:35)
	at âœ½.User enter valid username and password in login form(file:///D:/AllGitProject/GitHubActions_JavaCucumber/src/test/java/features/Analytics.feature:4)

  And Clicks on Log in button                                          # stepDefinitions.Login.LoginSteps.clicksOnLogInButton()
  Then Verify that the home page is displayed                          # stepDefinitions.Login.LoginSteps.verifyThatTheHomePageIsDisplayed()
  When Navigate to the Analytics                                       # stepDefinitions.Analytics.Analytics_Steps.navigateToTheAnalytics()
  Then Verify that the filter shows default selections or placeholders # stepDefinitions.Analytics.Analytics_Steps.verifyThatTheFilterShowsDefaultSelectionsOrPlaceholders()

@Demo
Scenario: Verify Filter Dropdown Functionality              # src/test/java/features/Analytics.feature:25
Invalid data format in Excel row.
  When User enter valid username and password in login form            # stepDefinitions.Login.LoginSteps.userEnterValidUsernameAndPasswordInLoginForm()
  And Clicks on Log in button                                          # stepDefinitions.Login.LoginSteps.clicksOnLogInButton()
  Then Verify that the home page is displayed                          # stepDefinitions.Login.LoginSteps.verifyThatTheHomePageIsDisplayed()
  When Navigate to the Analytics                                       # stepDefinitions.Analytics.Analytics_Steps.navigateToTheAnalytics()
  Then Verify that the filter shows default selections or placeholders # stepDefinitions.Analytics.Analytics_Steps.verifyThatTheFilterShowsDefaultSelectionsOrPlaceholders()
]]></system-out>
    <system-err><![CDATA[SLF4J(W): No SLF4J providers were found.
SLF4J(W): Defaulting to no-operation (NOP) logger implementation
SLF4J(W): See https://www.slf4j.org/codes.html#noProviders for further details.
Starting ChromeDriver 130.0.6723.58 (3a50e012e4c9b8a410a4e2b12bf577e69ee8f755-refs/branch-heads/6723@{#1353}) on port 53542
Only local connections Satarrtineg  CahllroowmeeDdr.iv
ePr l13e0a.s0e. 6s7ee2 3h.t5t8p s(:3/a/5c0eh0r1o2e4mc9eb8dar4iv1e0ra4.ec2bh1r2obmfi5um7.o7reg/69seeec8fu7r5i5t-ryef-sco/nsbidreraatniocnsh fo-r hsuegagdesst/i6on7s2 3@o{n# k1e3e5pi3n}g )Ch roomneD rpivoerrt  sa5f9e.2
42
OnlCyh rloomceaDlr icvonenre wctaiso nsst aarrtee da lsluoccweesds.fu
lPlly eaosne  posrete  53h5t4t2.ps
://chromedriver.chromium.org/security-considerations for suggestions on keeping ChromeDriver safe.
ChromeDriver was started successfully on port 59242.
Oct 16, 2024 9:56:39 PM org.openqa.selenium.remote.ProtocolHandshake createSession
INFO: Detected upstream dialect: W3C
Oct 16, 2024 9:56:39 PM org.openqa.selenium.remote.ProtocolHandshake createSession
INFO: Detected upstream dialect: W3C
Oct 16, 2024 9:56:39 PM org.openqa.selenium.devtools.CdpVersionFinder findNearestMatch
WARNING: Unable to find an exact match for CDP version 130, so returning the closest version found: a no-op implementation
Oct 16, 2024 9:56:39 PM org.openqa.selenium.devtools.CdpVersionFinder findNearestMatch
WARNING: Unable to find an exact match for CDP version 130, so returning the closest version found: a no-op implementation
Oct 16, 2024 9:56:39 PM org.openqa.selenium.devtools.CdpVersionFinder findNearestMatch
INFO: Unable to find CDP implementation matching 130.
Oct 16, 2024 9:56:39 PM org.openqa.selenium.devtools.CdpVersionFinder findNearestMatch
INFO: Unable to find CDP implementation matching 130.
Oct 16, 2024 9:56:39 PM org.openqa.selenium.chromium.ChromiumDriver lambda$new$3
WARNING: Unable to find version of CDP to use for . You may need to include a dependency on a specific version of the CDP using something similar to `org.seleniumhq.selenium:selenium-devtools-v86:4.5.0` where the version ("v86") matches the version of the chromium-based browser you're using and the version number of the artifact is the same as Selenium's.
Oct 16, 2024 9:56:39 PM org.openqa.selenium.chromium.ChromiumDriver lambda$new$3
WARNING: Unable to find version of CDP to use for . You may need to include a dependency on a specific version of the CDP using something similar to `org.seleniumhq.selenium:selenium-devtools-v86:4.5.0` where the version ("v86") matches the version of the chromium-based browser you're using and the version number of the artifact is the same as Selenium's.
Starting ChromeDriver 130.0.6723.58 (3a50e012e4c9b8a410a4e2b12bf577e69ee8f755-refs/branch-heads/6723@{#1353}) on port 64929
Only local connections are allowed.
Please see https://chromedriver.chromium.org/security-considerations for suggestions on keeping ChromeDriver safe.
ChromeDriver was started successfully on port 64929.
Oct 16, 2024 9:57:29 PM org.openqa.selenium.remote.ProtocolHandshake createSession
INFO: Detected upstream dialect: W3C
Oct 16, 2024 9:57:29 PM org.openqa.selenium.devtools.CdpVersionFinder findNearestMatch
WARNING: Unable to find an exact match for CDP version 130, so returning the closest version found: a no-op implementation
Oct 16, 2024 9:57:29 PM org.openqa.selenium.devtools.CdpVersionFinder findNearestMatch
INFO: Unable to find CDP implementation matching 130.
Oct 16, 2024 9:57:29 PM org.openqa.selenium.chromium.ChromiumDriver lambda$new$3
WARNING: Unable to find version of CDP to use for . You may need to include a dependency on a specific version of the CDP using something similar to `org.seleniumhq.selenium:selenium-devtools-v86:4.5.0` where the version ("v86") matches the version of the chromium-based browser you're using and the version number of the artifact is the same as Selenium's.
[1729094262.126][SEVERE]: Timed out receiving message from renderer: 60.000
[1729094262.129][SEVERE]: Timed out receiving message from renderer: 60.000
Starting ChromeDriver 130.0.6723.58 (3a50e012e4c9b8a410a4e2b12bf577e69ee8f755-refs/branch-heads/6723@{#1353}) on port 63857
Only local connections are allowed.
Please see https://chromedriver.chromium.org/security-considerations for suggestions on keeping ChromeDriver safe.
ChromeDriver was started successfully on port 63857.
Oct 16, 2024 9:57:43 PM org.openqa.selenium.remote.ProtocolHandshake createSession
INFO: Detected upstream dialect: W3C
Oct 16, 2024 9:57:43 PM org.openqa.selenium.devtools.CdpVersionFinder findNearestMatch
WARNING: Unable to find an exact match for CDP version 130, so returning the closest version found: a no-op implementation
Oct 16, 2024 9:57:43 PM org.openqa.selenium.devtools.CdpVersionFinder findNearestMatch
INFO: Unable to find CDP implementation matching 130.
Oct 16, 2024 9:57:43 PM org.openqa.selenium.chromium.ChromiumDriver lambda$new$3
WARNING: Unable to find version of CDP to use for . You may need to include a dependency on a specific version of the CDP using something similar to `org.seleniumhq.selenium:selenium-devtools-v86:4.5.0` where the version ("v86") matches the version of the chromium-based browser you're using and the version number of the artifact is the same as Selenium's.
]]></system-err>
  </testcase>
  <testcase name="runScenario[&quot;Verify Filter Dropdown Functionality&quot;, &quot;Test Site Analytics functionality&quot;](4)" classname="testRunners.TestRunner" time="30.136">
    <system-out><![CDATA[
@Demo
Scenario: Verify Analytics Selection Functionality          # src/test/java/features/Analytics.feature:30
Invalid data format in Excel row.
  When User enter valid username and password in login form # stepDefinitions.Login.LoginSteps.userEnterValidUsernameAndPasswordInLoginForm()
  And Clicks on Log in button                               # stepDefinitions.Login.LoginSteps.clicksOnLogInButton()
  Then Verify that the home page is displayed               # stepDefinitions.Login.LoginSteps.verifyThatTheHomePageIsDisplayed()
  When Navigate to the Analytics                            # stepDefinitions.Analytics.Analytics_Steps.navigateToTheAnalytics()
Dropdown clicked to expand.
Dropdown clicked to collapse.
  Then Verify that all the filters are clickable            # stepDefinitions.Analytics.Analytics_Steps.verifyThatAllTheFiltersAreClickable()
]]></system-out>
    <system-err><![CDATA[Starting ChromeDriver 130.0.6723.58 (3a50e012e4c9b8a410a4e2b12bf577e69ee8f755-refs/branch-heads/6723@{#1353}) on port 58080
Only local connections are allowed.
Please see https://chromedriver.chromium.org/security-considerations for suggestions on keeping ChromeDriver safe.
ChromeDriver was started successfully on port 58080.
Oct 16, 2024 9:58:16 PM org.openqa.selenium.remote.ProtocolHandshake createSession
INFO: Detected upstream dialect: W3C
Oct 16, 2024 9:58:16 PM org.openqa.selenium.devtools.CdpVersionFinder findNearestMatch
WARNING: Unable to find an exact match for CDP version 130, so returning the closest version found: a no-op implementation
Oct 16, 2024 9:58:16 PM org.openqa.selenium.devtools.CdpVersionFinder findNearestMatch
INFO: Unable to find CDP implementation matching 130.
Oct 16, 2024 9:58:16 PM org.openqa.selenium.chromium.ChromiumDriver lambda$new$3
WARNING: Unable to find version of CDP to use for . You may need to include a dependency on a specific version of the CDP using something similar to `org.seleniumhq.selenium:selenium-devtools-v86:4.5.0` where the version ("v86") matches the version of the chromium-based browser you're using and the version number of the artifact is the same as Selenium's.
]]></system-err>
  </testcase>
  <testcase name="runScenario[&quot;Verify Analytics Selection Functionality&quot;, &quot;Test Site Analytics functionality&quot;](5)" classname="testRunners.TestRunner" time="28.197">
    <system-out><![CDATA[
@Demo
Scenario: Verify that the user able to login with valid credentials # src/test/java/features/Login.feature:4
Invalid data format in Excel row.
  When User enter valid username and password in login form # stepDefinitions.Login.LoginSteps.userEnterValidUsernameAndPasswordInLoginForm()
  And Clicks on Log in button                               # stepDefinitions.Login.LoginSteps.clicksOnLogInButton()
  Then Verify that the home page is displayed               # stepDefinitions.Login.LoginSteps.verifyThatTheHomePageIsDisplayed()
  When Navigate to the Analytics                            # stepDefinitions.Analytics.Analytics_Steps.navigateToTheAnalytics()
  And Click on the Analytics dropdown                       # stepDefinitions.Analytics.Analytics_Steps.clickOnTheAnalyticsDropdown()
  And Select Power option from dropdown                     # stepDefinitions.Analytics.Analytics_Steps.selectPowerOptionFromDropdown()
  And Select site from the dropdown                         # stepDefinitions.Analytics.Analytics_Steps.selectSiteFromTheDropdown()
  Then Verify that the Power analytics data is displayed    # stepDefinitions.Analytics.Analytics_Steps.verifyThatThePowerAnalyticsDataIsDisplayed()
]]></system-out>
    <system-err><![CDATA[Starting ChromeDriver 130.0.6723.58 (3a50e012e4c9b8a410a4e2b12bf577e69ee8f755-refs/branch-heads/6723@{#1353}) on port 62691
Only local connections are allowed.
Please see https://chromedriver.chromium.org/security-considerations for suggestions on keeping ChromeDriver safe.
ChromeDriver was started successfully on port 62691.
Oct 16, 2024 9:58:46 PM org.openqa.selenium.remote.ProtocolHandshake createSession
INFO: Detected upstream dialect: W3C
Oct 16, 2024 9:58:46 PM org.openqa.selenium.devtools.CdpVersionFinder findNearestMatch
WARNING: Unable to find an exact match for CDP version 130, so returning the closest version found: a no-op implementation
Oct 16, 2024 9:58:46 PM org.openqa.selenium.devtools.CdpVersionFinder findNearestMatch
INFO: Unable to find CDP implementation matching 130.
Oct 16, 2024 9:58:46 PM org.openqa.selenium.chromium.ChromiumDriver lambda$new$3
WARNING: Unable to find version of CDP to use for . You may need to include a dependency on a specific version of the CDP using something similar to `org.seleniumhq.selenium:selenium-devtools-v86:4.5.0` where the version ("v86") matches the version of the chromium-based browser you're using and the version number of the artifact is the same as Selenium's.
]]></system-err>
  </testcase>
  <testcase name="runScenario[&quot;Verify that the user able to login with valid credentials&quot;, &quot;Test login functionality&quot;](6)" classname="testRunners.TestRunner" time="35.243">
    <system-out><![CDATA[
@Demo
Scenario: Verify that the user able to login with valid     # src/test/java/features/Login.feature:10
Invalid data format in Excel row.
  When User enter valid username and password in login form         # stepDefinitions.Login.LoginSteps.userEnterValidUsernameAndPasswordInLoginForm()
  And Clicks on Log in button                                       # stepDefinitions.Login.LoginSteps.clicksOnLogInButton()
Invalid data format in Excel row.
  When User enter valid username and password in login form # stepDefinitions.Login.LoginSteps.userEnterValidUsernameAndPasswordInLoginForm()
  Then Verify that the home page is displayed                       # stepDefinitions.Login.LoginSteps.verifyThatTheHomePageIsDisplayed()
]]></system-out>
    <system-err><![CDATA[Starting ChromeDriver 130.0.6723.58 (3a50e012e4c9b8a410a4e2b12bf577e69ee8f755-refs/branch-heads/6723@{#1353}) on port 63542
Only local connections are allowed.
Please see https://chromedriver.chromium.org/security-considerations for suggestions on keeping ChromeDriver safe.
ChromeDriver was started successfully on port 63542.
Oct 16, 2024 9:59:14 PM org.openqa.selenium.remote.ProtocolHandshake createSession
INFO: Detected upstream dialect: W3C
Oct 16, 2024 9:59:14 PM org.openqa.selenium.devtools.CdpVersionFinder findNearestMatch
WARNING: Unable to find an exact match for CDP version 130, so returning the closest version found: a no-op implementation
Oct 16, 2024 9:59:14 PM org.openqa.selenium.devtools.CdpVersionFinder findNearestMatch
INFO: Unable to find CDP implementation matching 130.
Oct 16, 2024 9:59:14 PM org.openqa.selenium.chromium.ChromiumDriver lambda$new$3
WARNING: Unable to find version of CDP to use for . You may need to include a dependency on a specific version of the CDP using something similar to `org.seleniumhq.selenium:selenium-devtools-v86:4.5.0` where the version ("v86") matches the version of the chromium-based browser you're using and the version number of the artifact is the same as Selenium's.
]]></system-err>
  </testcase>
  <testcase name="runScenario[&quot;Verify that the user able to login with valid&quot;, &quot;Test login functionality&quot;](7)" classname="testRunners.TestRunner" time="4.78">
    <system-out><![CDATA[
@Demo
Scenario: Verify that the user able to login with           # src/test/java/features/Login.feature:16
  And Clicks on Log in button                               # stepDefinitions.Login.LoginSteps.clicksOnLogInButton()
  Then Verify that the home page is displayed               # stepDefinitions.Login.LoginSteps.verifyThatTheHomePageIsDisplayed()
]]></system-out>
    <system-err><![CDATA[Starting ChromeDriver 130.0.6723.58 (3a50e012e4c9b8a410a4e2b12bf577e69ee8f755-refs/branch-heads/6723@{#1353}) on port 63051
Only local connections are allowed.
Please see https://chromedriver.chromium.org/security-considerations for suggestions on keeping ChromeDriver safe.
ChromeDriver was started successfully on port 63051.
Oct 16, 2024 9:59:50 PM org.openqa.selenium.remote.ProtocolHandshake createSession
INFO: Detected upstream dialect: W3C
Oct 16, 2024 9:59:50 PM org.openqa.selenium.devtools.CdpVersionFinder findNearestMatch
WARNING: Unable to find an exact match for CDP version 130, so returning the closest version found: a no-op implementation
Oct 16, 2024 9:59:50 PM org.openqa.selenium.devtools.CdpVersionFinder findNearestMatch
INFO: Unable to find CDP implementation matching 130.
Oct 16, 2024 9:59:50 PM org.openqa.selenium.chromium.ChromiumDriver lambda$new$3
WARNING: Unable to find version of CDP to use for . You may need to include a dependency on a specific version of the CDP using something similar to `org.seleniumhq.selenium:selenium-devtools-v86:4.5.0` where the version ("v86") matches the version of the chromium-based browser you're using and the version number of the artifact is the same as Selenium's.
]]></system-err>
  </testcase>
  <testcase name="runScenario[&quot;Verify that the user able to login with&quot;, &quot;Test login functionality&quot;](8)" classname="testRunners.TestRunner" time="51.081">
    <system-out><![CDATA[
@Demo
Scenario: Verify that the user able to login                # src/test/java/features/Login.feature:22
Invalid data format in Excel row.
  When User enter valid username and password in login form # stepDefinitions.Login.LoginSteps.userEnterValidUsernameAndPasswordInLoginForm()
  And Clicks on Log in button                               # stepDefinitions.Login.LoginSteps.clicksOnLogInButton()
  Then Verify that the home page is displayed               # stepDefinitions.Login.LoginSteps.verifyThatTheHomePageIsDisplayed()
]]></system-out>
    <system-err><![CDATA[Starting ChromeDriver 130.0.6723.58 (3a50e012e4c9b8a410a4e2b12bf577e69ee8f755-refs/branch-heads/6723@{#1353}) on port 50777
Only local connections are allowed.
Please see https://chromedriver.chromium.org/security-considerations for suggestions on keeping ChromeDriver safe.
ChromeDriver was started successfully on port 50777.
Oct 16, 2024 9:59:55 PM org.openqa.selenium.remote.ProtocolHandshake createSession
INFO: Detected upstream dialect: W3C
Oct 16, 2024 9:59:55 PM org.openqa.selenium.devtools.CdpVersionFinder findNearestMatch
WARNING: Unable to find an exact match for CDP version 130, so returning the closest version found: a no-op implementation
Oct 16, 2024 9:59:55 PM org.openqa.selenium.devtools.CdpVersionFinder findNearestMatch
INFO: Unable to find CDP implementation matching 130.
Oct 16, 2024 9:59:55 PM org.openqa.selenium.chromium.ChromiumDriver lambda$new$3
WARNING: Unable to find version of CDP to use for . You may need to include a dependency on a specific version of the CDP using something similar to `org.seleniumhq.selenium:selenium-devtools-v86:4.5.0` where the version ("v86") matches the version of the chromium-based browser you're using and the version number of the artifact is the same as Selenium's.
]]></system-err>
  </testcase>
  <testcase name="runScenario[&quot;Verify that user able to login&quot;, &quot;Test login functionality&quot;](10)" classname="testRunners.TestRunner" time="26.945">
    <system-out><![CDATA[
@Demo
Scenario: Verify that user able to login                    # src/test/java/features/Login.feature:28
  When User enter valid username and password in login form # stepDefinitions.Login.LoginSteps.userEnterValidUsernameAndPasswordInLoginForm()
      org.openqa.selenium.TimeoutException: timeout: Timed out receiving message from renderer: 60.000
  (Session info: chrome=130.0.6723.58)
Build info: version: '4.5.0', revision: 'fe167b119a'
System info: os.name: 'Windows 11', os.arch: 'amd64', os.version: '10.0', java.version: '17.0.6'
Driver info: org.openqa.selenium.chrome.ChromeDriver
Command: [d2c1b09f04c57559d23d05427721d266, findElement {using=xpath, value=(//input[@id='email'])[1]}]
Capabilities {acceptInsecureCerts: false, browserName: chrome, browserVersion: 130.0.6723.58, chrome: {chromedriverVersion: 130.0.6723.58 (3a50e012e4c9..., userDataDir: C:\Users\RASEL\AppData\Loca...}, fedcm:accounts: true, goog:chromeOptions: {debuggerAddress: localhost:13213}, networkConnectionEnabled: false, pageLoadStrategy: normal, platformName: WINDOWS, proxy: Proxy(), se:cdp: ws://localhost:13213/devtoo..., se:cdpVersion: 130.0.6723.58, setWindowRect: true, strictFileInteractability: false, timeouts: {implicit: 0, pageLoad: 300000, script: 30000}, unhandledPromptBehavior: dismiss and notify, webauthn:extension:credBlob: true, webauthn:extension:largeBlob: true, webauthn:extension:minPinLength: true, webauthn:extension:prf: true, webauthn:virtualAuthenticators: true}
Session ID: d2c1b09f04c57559d23d05427721d266
	at java.base/jdk.internal.reflect.NativeConstructorAccessorImpl.newInstance0(Native Method)
	at java.base/jdk.internal.reflect.NativeConstructorAccessorImpl.newInstance(NativeConstructorAccessorImpl.java:77)
	at java.base/jdk.internal.reflect.DelegatingConstructorAccessorImpl.newInstance(DelegatingConstructorAccessorImpl.java:45)
	at java.base/java.lang.reflect.Constructor.newInstanceWithCaller(Constructor.java:499)
	at java.base/java.lang.reflect.Constructor.newInstance(Constructor.java:480)
	at org.openqa.selenium.remote.codec.w3c.W3CHttpResponseCodec.createException(W3CHttpResponseCodec.java:200)
	at org.openqa.selenium.remote.codec.w3c.W3CHttpResponseCodec.decode(W3CHttpResponseCodec.java:133)
	at org.openqa.selenium.remote.codec.w3c.W3CHttpResponseCodec.decode(W3CHttpResponseCodec.java:53)
	at org.openqa.selenium.remote.HttpCommandExecutor.execute(HttpCommandExecutor.java:184)
	at org.openqa.selenium.remote.service.DriverCommandExecutor.invokeExecute(DriverCommandExecutor.java:167)
	at org.openqa.selenium.remote.service.DriverCommandExecutor.execute(DriverCommandExecutor.java:142)
	at org.openqa.selenium.remote.RemoteWebDriver.execute(RemoteWebDriver.java:547)
	at org.openqa.selenium.remote.ElementLocation$ElementFinder$2.findElement(ElementLocation.java:162)
	at org.openqa.selenium.remote.ElementLocation.findElement(ElementLocation.java:60)
	at org.openqa.selenium.remote.RemoteWebDriver.findElement(RemoteWebDriver.java:365)
	at org.openqa.selenium.remote.RemoteWebDriver.findElement(RemoteWebDriver.java:357)
	at org.openqa.selenium.support.ui.ExpectedConditions$7.apply(ExpectedConditions.java:197)
	at org.openqa.selenium.support.ui.ExpectedConditions$7.apply(ExpectedConditions.java:193)
	at org.openqa.selenium.support.ui.FluentWait.until(FluentWait.java:208)
	at base.PageObjectManager.waitUntilElementIsVisible(PageObjectManager.java:30)
	at base.PageObjectManager.sendKeysToElement(PageObjectManager.java:106)
	at stepDefinitions.Login.LoginSteps.userEnterValidUsernameAndPasswordInLoginForm(LoginSteps.java:35)
	at âœ½.User enter valid username and password in login form(file:///D:/AllGitProject/GitHubActions_JavaCucumber/src/test/java/features/Login.feature:23)

  And Clicks on Log in button                               # stepDefinitions.Login.LoginSteps.clicksOnLogInButton()
  Then Verify that the home page is displayed               # stepDefinitions.Login.LoginSteps.verifyThatTheHomePageIsDisplayed()
Invalid data format in Excel row.
  When User enter valid username and password in login form # stepDefinitions.Login.LoginSteps.userEnterValidUsernameAndPasswordInLoginForm()
  And Clicks on Log in button                               # stepDefinitions.Login.LoginSteps.clicksOnLogInButton()
  Then Verify that the home page is displayed               # stepDefinitions.Login.LoginSteps.verifyThatTheHomePageIsDisplayed()
]]></system-out>
    <system-err><![CDATA[Starting ChromeDriver 130.0.6723.58 (3a50e012e4c9b8a410a4e2b12bf577e69ee8f755-refs/branch-heads/6723@{#1353}) on port 62527
Only local connections are allowed.
Please see https://chromedriver.chromium.org/security-considerations for suggestions on keeping ChromeDriver safe.
ChromeDriver was started successfully on port 62527.
Oct 16, 2024 10:00:45 PM org.openqa.selenium.remote.ProtocolHandshake createSession
INFO: Detected upstream dialect: W3C
Oct 16, 2024 10:00:45 PM org.openqa.selenium.devtools.CdpVersionFinder findNearestMatch
WARNING: Unable to find an exact match for CDP version 130, so returning the closest version found: a no-op implementation
Oct 16, 2024 10:00:45 PM org.openqa.selenium.devtools.CdpVersionFinder findNearestMatch
INFO: Unable to find CDP implementation matching 130.
Oct 16, 2024 10:00:45 PM org.openqa.selenium.chromium.ChromiumDriver lambda$new$3
WARNING: Unable to find version of CDP to use for . You may need to include a dependency on a specific version of the CDP using something similar to `org.seleniumhq.selenium:selenium-devtools-v86:4.5.0` where the version ("v86") matches the version of the chromium-based browser you're using and the version number of the artifact is the same as Selenium's.
[1729094456.858][SEVERE]: Timed out receiving message from renderer: 60.000
[1729094456.862][SEVERE]: Timed out receiving message from renderer: 60.000
]]></system-err>
  </testcase>
</testsuite>